<?xml version="1.0" encoding="UTF-8"?>
<testsuite name="TestSuite" time="17.11" tests="6" errors="0" skipped="0" failures="0">
  <properties>
[...]
</properties>
  <testcase name="test" classname="testme.NewOrders_Api" time="6.75"/>
  <testcase name="testSlots_Api1" classname="testme.Slots_Api" time="1.715"/>
  <testcase name="testSlots_Api2" classname="testme.Slots_Api" time="1.706"/>
  <testcase name="testSlots_Api3" classname="testme.Slots_Api" time="1.521"/>
  <testcase name="testSubscription_Api1" classname="testme.Subscriptions_Api" time="1.762"/>
  <testcase name="testSubscription_Api2" classname="testme.Subscriptions_Api" time="3.656"/>
</testsuite>