<?xml version="1.0" encoding="UTF-8"?>
<!-- Generated by org.testng.reporters.JUnitXMLReporter -->
<testsuite hostname="Irfans-MBP" name="test1" tests="4" failures="0" timestamp="20 May 2016 11:34:48 GMT" time="18.293" errors="0">
  <testcase name="test" time="9.461" classname="testme.OrderApi"/>
  <testcase name="testmepost" time="1.961" classname="testme.testing"/>
  <testcase name="testmeget" time="4.2" classname="testme.testing"/>
  <testcase name="testmepost1" time="2.655" classname="testme.testing"/>
</testsuite> <!-- test1 -->
