<?xml version="1.0" encoding="UTF-8"?>
<!-- Generated by org.testng.reporters.JUnitXMLReporter -->
<testsuite hostname="Irfans-MBP" name="testAutomation" tests="6" failures="0" timestamp="26 May 2016 08:19:58 GMT" time="17.126" errors="0">
  <testcase name="test" time="6.75" classname="testme.NewOrders_Api"/>
  <testcase name="testSlots_Api1" time="1.717" classname="testme.Slots_Api"/>
  <testcase name="testSlots_Api2" time="1.706" classname="testme.Slots_Api"/>
  <testcase name="testSlots_Api3" time="1.523" classname="testme.Slots_Api"/>
  <testcase name="testSubscription_Api1" time="1.761" classname="testme.Subscriptions_Api"/>
  <testcase name="testSubscription_Api2" time="3.656" classname="testme.Subscriptions_Api"/>
</testsuite> <!-- testAutomation -->
