<?xml version="1.0" encoding="UTF-8"?>
<!-- Generated by org.testng.reporters.JUnitXMLReporter -->
<testsuite hostname="Irfans-MBP" name="test1" tests="4" failures="0" timestamp="24 May 2016 06:37:40 GMT" time="22.3" errors="0">
  <testcase name="test" time="7.917" classname="testme.OrderApi"/>
  <testcase name="testmepost" time="7.932" classname="testme.testing"/>
  <testcase name="testmeget" time="2.691" classname="testme.testing"/>
  <testcase name="testmepost1" time="3.744" classname="testme.testing"/>
</testsuite> <!-- test1 -->
