<?xml version="1.0" encoding="UTF-8"?>
<!-- Generated by org.testng.reporters.JUnitXMLReporter -->
<testsuite hostname="Irfans-MBP" name="testAutomation" tests="4" failures="0" timestamp="24 May 2016 07:50:12 GMT" time="12.267" errors="0">
  <testcase name="test" time="6.501" classname="testme.OrderApi"/>
  <testcase name="testmepost" time="2.357" classname="testme.testing"/>
  <testcase name="testmeget" time="1.566" classname="testme.testing"/>
  <testcase name="testmepost1" time="1.816" classname="testme.testing"/>
</testsuite> <!-- testAutomation -->
